[debug] [2018-05-16T03:01:38.506Z] ----------------------------------------------------------------------
[debug] [2018-05-16T03:01:38.508Z] Command:       /usr/local/var/nodebrew/node/v8.9.4/bin/node /usr/local/bin/firebase deploy --only functions
[debug] [2018-05-16T03:01:38.508Z] CLI Version:   3.18.4
[debug] [2018-05-16T03:01:38.508Z] Platform:      darwin
[debug] [2018-05-16T03:01:38.508Z] Node Version:  v8.9.4
[debug] [2018-05-16T03:01:38.509Z] Time:          Wed May 16 2018 12:01:38 GMT+0900 (JST)
[debug] [2018-05-16T03:01:38.509Z] ----------------------------------------------------------------------
[debug] 
[debug] [2018-05-16T03:01:38.518Z] > command requires scopes: ["email","openid","https://www.googleapis.com/auth/cloudplatformprojects.readonly","https://www.googleapis.com/auth/firebase","https://www.googleapis.com/auth/cloud-platform"]
[debug] [2018-05-16T03:01:38.518Z] > authorizing via signed-in user
[debug] [2018-05-16T03:01:38.519Z] >>> HTTP REQUEST GET https://admin.firebase.com/v1/projects/otameshi-2a0d2  
  
 Wed May 16 2018 12:01:38 GMT+0900 (JST)
[debug] [2018-05-16T03:01:39.423Z] <<< HTTP RESPONSE 200
[debug] [2018-05-16T03:01:39.424Z] >>> HTTP REQUEST GET https://admin.firebase.com/v1/database/otameshi-2a0d2/tokens  
  
 Wed May 16 2018 12:01:39 GMT+0900 (JST)
[debug] [2018-05-16T03:01:40.098Z] <<< HTTP RESPONSE 200
[info] 
[info] === Deploying to 'otameshi-2a0d2'...
[info] 
[info] i  deploying functions
[debug] [2018-05-16T03:01:42.490Z] > [functions] package.json contents: {
  "name": "functions",
  "description": "Cloud Functions for Firebase",
  "scripts": {
    "serve": "firebase serve --only functions",
    "shell": "firebase functions:shell",
    "start": "npm run shell",
    "deploy": "firebase deploy --only functions",
    "logs": "firebase functions:log"
  },
  "dependencies": {
    "cors": "^2.8.4",
    "express": "^4.16.3",
    "firebase-admin": "~5.12.0",
    "firebase-functions": "^1.0.2"
  },
  "private": true
}
[info] i  functions: ensuring necessary APIs are enabled...
[debug] [2018-05-16T03:01:42.490Z] >>> HTTP REQUEST GET https://servicemanagement.googleapis.com/v1/services/cloudfunctions.googleapis.com/projectSettings/otameshi-2a0d2?view=CONSUMER_VIEW  
  
 Wed May 16 2018 12:01:42 GMT+0900 (JST)
[debug] [2018-05-16T03:01:42.491Z] >>> HTTP REQUEST GET https://servicemanagement.googleapis.com/v1/services/runtimeconfig.googleapis.com/projectSettings/otameshi-2a0d2?view=CONSUMER_VIEW  
  
 Wed May 16 2018 12:01:42 GMT+0900 (JST)
[debug] [2018-05-16T03:01:43.704Z] <<< HTTP RESPONSE 200
[debug] [2018-05-16T03:01:43.717Z] <<< HTTP RESPONSE 200
[info] ✔  functions: all necessary APIs are enabled
[debug] [2018-05-16T03:01:43.718Z] >>> HTTP REQUEST GET https://cloudresourcemanager.googleapis.com/v1/projects/otameshi-2a0d2  
  
 Wed May 16 2018 12:01:43 GMT+0900 (JST)
[debug] [2018-05-16T03:01:44.522Z] <<< HTTP RESPONSE 200
[debug] [2018-05-16T03:01:44.523Z] >>> HTTP REQUEST GET https://mobilesdk-pa.googleapis.com/v1/projects/804239589880:getServerAppConfig  
  
 Wed May 16 2018 12:01:44 GMT+0900 (JST)
[debug] [2018-05-16T03:01:45.239Z] <<< HTTP RESPONSE 200
[info] i  functions: preparing functions directory for uploading...
[debug] [2018-05-16T03:01:45.241Z] >>> HTTP REQUEST GET https://runtimeconfig.googleapis.com/v1beta1/projects/otameshi-2a0d2/configs  
  
 Wed May 16 2018 12:01:45 GMT+0900 (JST)
[debug] [2018-05-16T03:01:45.638Z] <<< HTTP RESPONSE 200
[info] i  functions: packaged functions (40.77 KB) for uploading
[debug] [2018-05-16T03:01:45.856Z] >>> HTTP REQUEST POST https://cloudfunctions.googleapis.com/v1/projects/otameshi-2a0d2/locations/us-central1/functions:generateUploadUrl  
  
 Wed May 16 2018 12:01:45 GMT+0900 (JST)
[debug] [2018-05-16T03:02:15.978Z] <<< HTTP RESPONSE 503
[debug] [2018-05-16T03:02:15.979Z] <<< HTTP RESPONSE BODY {
  "error": {
    "code": 503,
    "message": "The service is currently unavailable.",
    "status": "UNAVAILABLE"
  }
}

[debug] [2018-05-16T03:02:15.980Z] TypeError: Cannot create property 'error' on string '{
  "error": {
    "code": 503,
    "message": "The service is currently unavailable.",
    "status": "UNAVAILABLE"
  }
}
'
    at module.exports (/Users/zoh/.config/yarn/global/node_modules/firebase-tools/lib/responseToError.js:11:16)
    at Request._callback (/Users/zoh/.config/yarn/global/node_modules/firebase-tools/lib/api.js:47:25)
    at Request.self.callback (/Users/zoh/.config/yarn/global/node_modules/request/request.js:185:22)
    at emitTwo (events.js:126:13)
    at Request.emit (events.js:214:7)
    at Request.<anonymous> (/Users/zoh/.config/yarn/global/node_modules/request/request.js:1157:10)
    at emitOne (events.js:116:13)
    at Request.emit (events.js:211:7)
    at IncomingMessage.<anonymous> (/Users/zoh/.config/yarn/global/node_modules/request/request.js:1079:12)
    at Object.onceWrapper (events.js:313:30)
[error] 
[error] Error: An unexpected error has occurred.
